<?xml version="1.0" encoding="UTF-8"?>
<testsuite name="ar.com.concentrador.extractor.ExtractorTest" time="0.641" tests="1" errors="1" skipped="0" failures="0">
  <properties>
[...]
</properties>
  <testcase name="executeExtractors" classname="ar.com.concentrador.extractor.ExtractorTest" time="0.641">
    <error message="Error al recuperar informacion de la URL:http://www.mercadocentral.gob.ar/sites/default/files/precios_mayoristas/PM-Hortalizas-010-May-2017.zip responseCode:404" type="java.lang.RuntimeException">java.lang.RuntimeException: Error al recuperar informacion de la URL:http://www.mercadocentral.gob.ar/sites/default/files/precios_mayoristas/PM-Hortalizas-010-May-2017.zip responseCode:404
	at ar.com.concentrador.extractor.BaseExtractor.call(BaseExtractor.java:41)
	at ar.com.concentrador.extractor.impl.MecadoCentralBSASExtractor.extract(MecadoCentralBSASExtractor.java:110)
	at ar.com.concentrador.extractor.impl.MecadoCentralBSASExtractor.getQuotes(MecadoCentralBSASExtractor.java:95)
	at ar.com.concentrador.extractor.ExtractorTest.executeExtractors(ExtractorTest.java:15)
</error>
  </testcase>
</testsuite>